<?xml version="1.0" encoding="UTF-8"?>
<!-- Generated by org.testng.reporters.JUnitReportReporter -->
<testsuite hostname="LTIN217341" failures="0" tests="5" name="testCases.TC_002_Courses" time="18.285" errors="0" timestamp="2024-02-09T11:58:50 IST" skipped="0">
  <testcase classname="testCases.TC_002_Courses" name="verify_SearchIcon" time="0.296"/>
  <testcase classname="testCases.TC_002_Courses" name="search_courses" time="14.862"/>
  <testcase classname="testCases.TC_002_Courses" name="select_levels" time="0.732"/>
  <testcase classname="testCases.TC_002_Courses" name="select_langs" time="2.356"/>
  <testcase classname="testCases.TC_002_Courses" name="scrollUp" time="0.039"/>
</testsuite> <!-- testCases.TC_002_Courses -->
