<?xml version="1.0" encoding="UTF-8"?>
<!-- Generated by org.testng.reporters.JUnitReportReporter -->
<testsuite hostname="LTIN217341" failures="0" tests="1" name="testCases.TC_003_WebDevelopmentCourses" time="1.038" errors="0" timestamp="2024-02-09T11:58:50 IST" skipped="0">
  <testcase classname="testCases.TC_003_WebDevelopmentCourses" name="course_name" time="1.038"/>
</testsuite> <!-- testCases.TC_003_WebDevelopmentCourses -->
