<?xml version="1.0" encoding="UTF-8"?>
<!-- Generated by org.testng.reporters.JUnitReportReporter -->
<testsuite hostname="LTIN217341" failures="0" tests="6" name="testCases.TC_004_LanguageLearning" time="296.192" errors="0" timestamp="2024-02-09T11:58:50 IST" skipped="0">
  <testcase classname="testCases.TC_004_LanguageLearning" name="search_Language" time="9.426"/>
  <testcase classname="testCases.TC_004_LanguageLearning" name="show_FirstCourses" time="73.657"/>
  <testcase classname="testCases.TC_004_LanguageLearning" name="show_SecondCourses" time="67.632"/>
  <testcase classname="testCases.TC_004_LanguageLearning" name="show_ThirdCourses" time="47.797"/>
  <testcase classname="testCases.TC_004_LanguageLearning" name="show_FourthCourses" time="48.402"/>
  <testcase classname="testCases.TC_004_LanguageLearning" name="show_FifthCourses" time="49.278"/>
</testsuite> <!-- testCases.TC_004_LanguageLearning -->
