<?xml version="1.0" encoding="UTF-8"?>
<!-- Generated by org.testng.reporters.JUnitReportReporter -->
<testsuite hostname="LTIN217341" failures="0" tests="4" name="testCases.TC_005_FormFilling" time="68.400" errors="0" timestamp="2024-02-09T11:58:50 IST" skipped="0">
  <testcase classname="testCases.TC_005_FormFilling" name="Enterprise" time="44.813"/>
  <testcase classname="testCases.TC_005_FormFilling" name="form" time="9.605"/>
  <testcase classname="testCases.TC_005_FormFilling" name="startfillingform" time="9.584"/>
  <testcase classname="testCases.TC_005_FormFilling" name="messageDisplay" time="4.398"/>
</testsuite> <!-- testCases.TC_005_FormFilling -->
