<?xml version="1.0" encoding="UTF-8"?>
<!-- Generated by org.testng.reporters.JUnitReportReporter -->
<testsuite hostname="LTIN217341" failures="0" tests="2" name="testCases.TC_001_CourseraPage" time="1.049" errors="0" timestamp="2024-02-12T12:21:21 IST" skipped="0">
  <testcase classname="testCases.TC_001_CourseraPage" name="check_survey_visibility" time="0.930"/>
  <system-out/>
  <testcase classname="testCases.TC_001_CourseraPage" name="Verify_CourseraPage" time="0.119"/>
  <system-out/>
</testsuite> <!-- testCases.TC_001_CourseraPage -->
