<?xml version="1.0" encoding="UTF-8"?>
<!-- Generated by org.testng.reporters.JUnitReportReporter -->
<testsuite hostname="LTIN217341" failures="0" tests="5" name="testCases.TC_002_Courses" time="21.431" errors="0" timestamp="2024-02-12T12:21:21 IST" skipped="0">
  <testcase classname="testCases.TC_002_Courses" name="verify_SearchIcon" time="0.351"/>
  <system-out/>
  <testcase classname="testCases.TC_002_Courses" name="search_courses" time="16.360"/>
  <system-out/>
  <testcase classname="testCases.TC_002_Courses" name="select_levels" time="1.186"/>
  <system-out/>
  <testcase classname="testCases.TC_002_Courses" name="select_langs" time="3.215"/>
  <system-out/>
  <testcase classname="testCases.TC_002_Courses" name="scrollUp" time="0.319"/>
  <system-out/>
</testsuite> <!-- testCases.TC_002_Courses -->
