<?xml version="1.0" encoding="UTF-8"?>
<!-- Generated by org.testng.reporters.JUnitReportReporter -->
<testsuite hostname="LTIN217341" failures="0" tests="6" name="testCases.TC_004_LanguageLearning" time="320.868" errors="0" timestamp="2024-02-12T12:21:21 IST" skipped="0">
  <testcase classname="testCases.TC_004_LanguageLearning" name="search_Language" time="9.766"/>
  <system-out/>
  <testcase classname="testCases.TC_004_LanguageLearning" name="show_FirstCourses" time="79.774"/>
  <system-out/>
  <testcase classname="testCases.TC_004_LanguageLearning" name="show_SecondCourses" time="74.076"/>
  <system-out/>
  <testcase classname="testCases.TC_004_LanguageLearning" name="show_ThirdCourses" time="53.602"/>
  <system-out/>
  <testcase classname="testCases.TC_004_LanguageLearning" name="show_FourthCourses" time="52.484"/>
  <system-out/>
  <testcase classname="testCases.TC_004_LanguageLearning" name="show_FifthCourses" time="51.166"/>
  <system-out/>
</testsuite> <!-- testCases.TC_004_LanguageLearning -->
