<?xml version="1.0" encoding="UTF-8"?>
<!-- Generated by org.testng.reporters.JUnitReportReporter -->
<testsuite hostname="LTIN217341" failures="0" tests="4" name="testCases.TC_005_FormFilling" time="46.082" errors="0" timestamp="2024-02-12T12:21:21 IST" skipped="0">
  <testcase classname="testCases.TC_005_FormFilling" name="Enterprise" time="22.994"/>
  <system-out/>
  <testcase classname="testCases.TC_005_FormFilling" name="form" time="9.889"/>
  <system-out/>
  <testcase classname="testCases.TC_005_FormFilling" name="startfillingform" time="9.045"/>
  <system-out/>
  <testcase classname="testCases.TC_005_FormFilling" name="messageDisplay" time="4.154"/>
  <system-out/>
</testsuite> <!-- testCases.TC_005_FormFilling -->
