<?xml version="1.0" encoding="UTF-8"?>
<!-- Generated by org.testng.reporters.JUnitReportReporter -->
<testsuite hostname="LTIN217341" failures="0" tests="1" name="testCases.TC_003_WebDevelopmentCourses" time="1.191" errors="0" timestamp="2024-02-12T12:21:21 IST" skipped="0">
  <testcase classname="testCases.TC_003_WebDevelopmentCourses" name="course_name" time="1.191"/>
  <system-out/>
</testsuite> <!-- testCases.TC_003_WebDevelopmentCourses -->
